1 = 3.71
2 = 1.97
3 = 0.86
4 = 0.72
5 = 0.87
6 = 1.05
7 = 0.84
8 = 1.81
9 = 0.73
10 = 0.71
11 = 0.79
12 = 0.98
13 = 0.91
14 = 0.80
15 = 1.00
16 = 0.78
17 = 1.07
18 = 0.72
19 = 0.71
20 = 0.57
21 = 0.76
22 = 1.29
23 = 0.65
24 = 0.69
25 = 1.05
26 = 0.76
27 = 0.82
28 = 0.67
29 = 0.96
30 = 0.96
31 = 0.76
32 = 0.82
33 = 0.74
34 = 0.89
35 = 1.27
36 = 0.80
37 = 0.77
38 = 0.72
39 = 0.72
40 = 0.85
41 = 0.76
42 = 0.84
43 = 0.69
44 = 0.70
45 = 1.47
46 = 0.77
47 = 0.82
48 = 0.62
49 = 0.78
50 = 0.67
51 = 1.09
52 = 1.46
53 = 0.67
54 = 0.71
55 = 1.34
56 = 0.81
57 = 0.80
58 = 0.68
59 = 0.83
60 = 0.79
61 = 0.90
62 = 0.77
63 = 0.70
64 = 1.08
65 = 0.96
66 = 0.84
67 = 0.75
68 = 0.77
69 = 0.72
70 = 0.81
71 = 0.82
72 = 0.74
73 = 0.67
74 = 1.20
75 = 0.79
76 = 1.01
77 = 0.74
78 = 0.90
79 = 0.95
80 = 0.69
81 = 0.85
82 = 1.00
83 = 0.84
84 = 0.99
85 = 1.76
86 = 1.50
87 = 1.99
88 = 2.38
89 = 0.67
90 = 0.69
91 = 0.95
92 = 1.21
93 = 0.95
94 = 1.16
95 = 1.76
96 = 0.79
97 = 0.70
98 = 0.70
99 = 0.72
100 = 0.76
101 = 0.94
102 = 0.80
103 = 0.69
104 = 1.02
105 = 1.25
106 = 0.96
107 = 0.98
108 = 0.70
109 = 0.97
110 = 0.77
111 = 0.73
112 = 0.90
113 = 0.67
114 = 0.66
115 = 0.71
116 = 0.72
117 = 0.77
118 = 0.75
119 = 1.16
120 = 0.74
121 = 0.96
122 = 0.98
123 = 0.93
124 = 1.08
125 = 0.68
126 = 0.70
127 = 0.67
128 = 0.73
129 = 0.90
130 = 0.72
131 = 0.96
132 = 1.07
133 = 0.64
134 = 0.68
135 = 0.75
136 = 0.95
137 = 0.62
138 = 0.66
139 = 0.86
140 = 0.72
141 = 1.04
142 = 0.90
143 = 0.66
144 = 1.05
145 = 0.72
146 = 1.23
147 = 0.63
148 = 0.82
149 = 0.93
150 = 0.59
