1 = 2.35
2 = 3.42
3 = 2.84
4 = 2.25
5 = 1.67
6 = 1.14
7 = 0.41
8 = 0.47
9 = 0.49
10 = 2.30
11 = 2.00
12 = 1.38
13 = 0.73
14 = 0.68
15 = 0.40
16 = 0.90
17 = 0.54
18 = 0.76
19 = 0.51
20 = 0.40
21 = 0.68
22 = 0.39
23 = 0.45
24 = 0.74
25 = 0.39
26 = 0.48
27 = 0.42
28 = 0.71
29 = 0.46
30 = 0.44
31 = 1.47
32 = 0.98
33 = 0.45
34 = 0.41
35 = 0.49
36 = 1.36
37 = 1.12
38 = 0.51
39 = 0.73
40 = 0.38
41 = 0.69
42 = 0.47
43 = 0.70
44 = 0.67
45 = 0.45
46 = 0.49
47 = 0.70
48 = 0.63
49 = 0.50
50 = 0.57
51 = 1.28
52 = 0.75
53 = 0.53
54 = 0.40
55 = 0.45
56 = 0.74
57 = 0.51
58 = 0.67
59 = 0.42
60 = 0.42
61 = 0.67
62 = 0.55
63 = 0.49
64 = 0.53
65 = 0.50
66 = 0.39
67 = 0.84
68 = 0.45
69 = 0.43
70 = 0.39
71 = 0.61
72 = 1.22
73 = 0.54
74 = 0.41
75 = 0.42
76 = 0.81
77 = 0.68
78 = 0.70
79 = 0.42
80 = 0.40
81 = 0.71
82 = 0.46
83 = 1.11
84 = 0.77
85 = 0.40
86 = 0.42
87 = 0.73
88 = 0.46
89 = 0.67
90 = 0.42
91 = 0.71
92 = 1.47
93 = 0.78
94 = 0.41
95 = 0.48
96 = 1.05
97 = 0.43
98 = 0.75
99 = 0.41
100 = 0.56
101 = 0.56
102 = 0.61
103 = 0.52
104 = 0.47
105 = 0.40
106 = 0.42
107 = 0.69
108 = 0.43
109 = 0.39
110 = 0.53
111 = 0.45
112 = 0.72
113 = 0.44
114 = 0.38
115 = 0.53
116 = 0.38
117 = 0.63
118 = 0.35
119 = 0.50
120 = 0.38
121 = 0.82
122 = 0.45
123 = 0.51
124 = 0.60
125 = 0.42
126 = 0.41
127 = 0.81
128 = 0.38
129 = 0.52
130 = 0.41
131 = 0.48
132 = 0.97
133 = 0.81
134 = 0.46
135 = 0.45
136 = 1.69
137 = 1.40
138 = 0.63
139 = 0.82
140 = 0.54
141 = 0.47
142 = 0.93
143 = 0.75
144 = 0.49
145 = 0.44
146 = 0.41
147 = 0.87
148 = 0.59
149 = 0.49
150 = 0.42
