1 = 2.24
2 = 3.22
3 = 2.66
4 = 1.90
5 = 1.41
6 = 0.82
7 = 0.28
8 = 0.32
9 = 0.37
10 = 2.00
11 = 1.52
12 = 1.07
13 = 0.43
14 = 0.54
15 = 0.29
16 = 0.77
17 = 0.35
18 = 0.36
19 = 0.39
20 = 0.30
21 = 0.53
22 = 0.29
23 = 0.36
24 = 0.37
25 = 0.29
26 = 0.34
27 = 0.37
28 = 0.41
29 = 0.36
30 = 0.39
31 = 1.32
32 = 0.79
33 = 0.35
34 = 0.31
35 = 0.32
36 = 0.83
37 = 0.80
38 = 0.38
39 = 0.47
40 = 0.29
41 = 0.62
42 = 0.27
43 = 0.33
44 = 0.44
45 = 0.31
46 = 0.31
47 = 0.40
48 = 0.29
49 = 0.40
50 = 0.36
51 = 1.16
52 = 0.54
53 = 0.34
54 = 0.28
55 = 0.29
56 = 0.60
57 = 0.28
58 = 0.32
59 = 0.32
60 = 0.29
61 = 0.58
62 = 0.27
63 = 0.32
64 = 0.37
65 = 0.36
66 = 0.29
67 = 0.67
68 = 0.25
69 = 0.31
70 = 0.28
71 = 0.55
72 = 0.97
73 = 0.40
74 = 0.26
75 = 0.37
76 = 0.68
77 = 0.42
78 = 0.35
79 = 0.30
80 = 0.27
81 = 0.52
82 = 0.28
83 = 0.98
84 = 0.62
85 = 0.29
86 = 0.30
87 = 0.38
88 = 0.31
89 = 0.46
90 = 0.30
91 = 0.58
92 = 0.83
93 = 0.67
94 = 0.36
95 = 0.40
96 = 0.92
97 = 0.32
98 = 0.41
99 = 0.36
100 = 0.50
101 = 0.50
102 = 0.39
103 = 0.31
104 = 0.36
105 = 0.28
106 = 0.30
107 = 0.38
108 = 0.33
109 = 0.27
110 = 0.34
111 = 0.39
112 = 0.39
113 = 0.39
114 = 0.28
115 = 0.34
116 = 0.25
117 = 0.36
118 = 0.25
119 = 0.43
120 = 0.27
121 = 0.56
122 = 0.29
123 = 0.39
124 = 0.38
125 = 0.34
126 = 0.27
127 = 0.52
128 = 0.28
129 = 0.37
130 = 0.27
131 = 0.40
132 = 0.75
133 = 0.74
134 = 0.40
135 = 0.31
136 = 1.36
137 = 1.00
138 = 0.48
139 = 0.33
140 = 0.42
141 = 0.40
142 = 0.65
143 = 0.56
144 = 0.26
145 = 0.33
146 = 0.29
147 = 0.53
148 = 0.44
149 = 0.34
150 = 0.29
