      1014660 K total memory
        42532 K used memory
       236228 K active memory
        98404 K inactive memory
       625188 K free memory
        15012 K buffer memory
       331928 K swap cache
            0 K total swap
            0 K used swap
            0 K free swap
         1068 non-nice user cpu ticks
          180 nice user cpu ticks
          725 system cpu ticks
      1791504 idle cpu ticks
          219 IO-wait cpu ticks
            0 IRQ cpu ticks
            5 softirq cpu ticks
          695 stolen cpu ticks
       302711 pages paged in
       137820 pages paged out
            0 pages swapped in
            0 pages swapped out
       182733 interrupts
       363889 CPU context switches
   1498909875 boot time
         3205 forks
