      1014660 K total memory
        42504 K used memory
       235772 K active memory
        98412 K inactive memory
       625824 K free memory
        14972 K buffer memory
       331360 K swap cache
            0 K total swap
            0 K used swap
            0 K free swap
          999 non-nice user cpu ticks
          180 nice user cpu ticks
          699 system cpu ticks
      1782558 idle cpu ticks
          217 IO-wait cpu ticks
            0 IRQ cpu ticks
            4 softirq cpu ticks
          695 stolen cpu ticks
       302631 pages paged in
       137164 pages paged out
            0 pages swapped in
            0 pages swapped out
       180575 interrupts
       358117 CPU context switches
   1498909875 boot time
         2934 forks
