      1014660 K total memory
        42520 K used memory
       236372 K active memory
        98416 K inactive memory
       625000 K free memory
        15028 K buffer memory
       332112 K swap cache
            0 K total swap
            0 K used swap
            0 K free swap
         1100 non-nice user cpu ticks
          180 nice user cpu ticks
          736 system cpu ticks
      1795511 idle cpu ticks
          219 IO-wait cpu ticks
            0 IRQ cpu ticks
            5 softirq cpu ticks
          695 stolen cpu ticks
       302743 pages paged in
       138024 pages paged out
            0 pages swapped in
            0 pages swapped out
       183854 interrupts
       366924 CPU context switches
   1498909875 boot time
         3331 forks
