      1014660 K total memory
        42520 K used memory
       236248 K active memory
        98416 K inactive memory
       625160 K free memory
        15016 K buffer memory
       331964 K swap cache
            0 K total swap
            0 K used swap
            0 K free swap
         1075 non-nice user cpu ticks
          180 nice user cpu ticks
          728 system cpu ticks
      1792493 idle cpu ticks
          219 IO-wait cpu ticks
            0 IRQ cpu ticks
            5 softirq cpu ticks
          695 stolen cpu ticks
       302719 pages paged in
       137848 pages paged out
            0 pages swapped in
            0 pages swapped out
       182978 interrupts
       364526 CPU context switches
   1498909875 boot time
         3233 forks
