      1014660 K total memory
        42484 K used memory
       236072 K active memory
        98388 K inactive memory
       625440 K free memory
        15000 K buffer memory
       331736 K swap cache
            0 K total swap
            0 K used swap
            0 K free swap
         1039 non-nice user cpu ticks
          180 nice user cpu ticks
          716 system cpu ticks
      1787836 idle cpu ticks
          218 IO-wait cpu ticks
            0 IRQ cpu ticks
            5 softirq cpu ticks
          695 stolen cpu ticks
       302679 pages paged in
       137556 pages paged out
            0 pages swapped in
            0 pages swapped out
       181845 interrupts
       361547 CPU context switches
   1498909875 boot time
         3096 forks
