      1014660 K total memory
        42456 K used memory
       236276 K active memory
        98420 K inactive memory
       625176 K free memory
        15024 K buffer memory
       332004 K swap cache
            0 K total swap
            0 K used swap
            0 K free swap
         1083 non-nice user cpu ticks
          180 nice user cpu ticks
          730 system cpu ticks
      1793152 idle cpu ticks
          219 IO-wait cpu ticks
            0 IRQ cpu ticks
            5 softirq cpu ticks
          695 stolen cpu ticks
       302727 pages paged in
       137948 pages paged out
            0 pages swapped in
            0 pages swapped out
       183174 interrupts
       365069 CPU context switches
   1498909875 boot time
         3260 forks
