      1014660 K total memory
        42688 K used memory
       236528 K active memory
        98448 K inactive memory
       624608 K free memory
        15052 K buffer memory
       332312 K swap cache
            0 K total swap
            0 K used swap
            0 K free swap
         1131 non-nice user cpu ticks
          180 nice user cpu ticks
          747 system cpu ticks
      1799187 idle cpu ticks
          220 IO-wait cpu ticks
            0 IRQ cpu ticks
            5 softirq cpu ticks
          696 stolen cpu ticks
       302775 pages paged in
       138480 pages paged out
            0 pages swapped in
            0 pages swapped out
       185112 interrupts
       370078 CPU context switches
   1498909875 boot time
         3451 forks
