      1014660 K total memory
        42452 K used memory
       236116 K active memory
        98388 K inactive memory
       625440 K free memory
        15000 K buffer memory
       331768 K swap cache
            0 K total swap
            0 K used swap
            0 K free swap
         1047 non-nice user cpu ticks
          180 nice user cpu ticks
          717 system cpu ticks
      1788995 idle cpu ticks
          218 IO-wait cpu ticks
            0 IRQ cpu ticks
            5 softirq cpu ticks
          695 stolen cpu ticks
       302687 pages paged in
       137600 pages paged out
            0 pages swapped in
            0 pages swapped out
       182091 interrupts
       362187 CPU context switches
   1498909875 boot time
         3124 forks
