      1014660 K total memory
        42448 K used memory
       236180 K active memory
        98380 K inactive memory
       625388 K free memory
        15012 K buffer memory
       331812 K swap cache
            0 K total swap
            0 K used swap
            0 K free swap
         1053 non-nice user cpu ticks
          180 nice user cpu ticks
          721 system cpu ticks
      1790054 idle cpu ticks
          218 IO-wait cpu ticks
            0 IRQ cpu ticks
            5 softirq cpu ticks
          695 stolen cpu ticks
       302695 pages paged in
       137776 pages paged out
            0 pages swapped in
            0 pages swapped out
       182329 interrupts
       362798 CPU context switches
   1498909875 boot time
         3151 forks
