      1014660 K total memory
        42564 K used memory
       236508 K active memory
        98444 K inactive memory
       624764 K free memory
        15052 K buffer memory
       332280 K swap cache
            0 K total swap
            0 K used swap
            0 K free swap
         1128 non-nice user cpu ticks
          180 nice user cpu ticks
          746 system cpu ticks
      1799092 idle cpu ticks
          220 IO-wait cpu ticks
            0 IRQ cpu ticks
            5 softirq cpu ticks
          696 stolen cpu ticks
       302771 pages paged in
       138480 pages paged out
            0 pages swapped in
            0 pages swapped out
       185028 interrupts
       369833 CPU context switches
   1498909875 boot time
         3436 forks
