      1014660 K total memory
        42564 K used memory
       235816 K active memory
        98436 K inactive memory
       625716 K free memory
        14980 K buffer memory
       331400 K swap cache
            0 K total swap
            0 K used swap
            0 K free swap
         1003 non-nice user cpu ticks
          180 nice user cpu ticks
          700 system cpu ticks
      1783257 idle cpu ticks
          217 IO-wait cpu ticks
            0 IRQ cpu ticks
            4 softirq cpu ticks
          695 stolen cpu ticks
       302635 pages paged in
       137272 pages paged out
            0 pages swapped in
            0 pages swapped out
       180700 interrupts
       358438 CPU context switches
   1498909875 boot time
         2946 forks
