      1014660 K total memory
        42552 K used memory
       236224 K active memory
        98400 K inactive memory
       625192 K free memory
        15012 K buffer memory
       331904 K swap cache
            0 K total swap
            0 K used swap
            0 K free swap
         1064 non-nice user cpu ticks
          180 nice user cpu ticks
          724 system cpu ticks
      1791408 idle cpu ticks
          219 IO-wait cpu ticks
            0 IRQ cpu ticks
            5 softirq cpu ticks
          695 stolen cpu ticks
       302707 pages paged in
       137820 pages paged out
            0 pages swapped in
            0 pages swapped out
       182653 interrupts
       363648 CPU context switches
   1498909875 boot time
         3190 forks
