      1014660 K total memory
        42528 K used memory
       236524 K active memory
        98460 K inactive memory
       624748 K free memory
        15052 K buffer memory
       332332 K swap cache
            0 K total swap
            0 K used swap
            0 K free swap
         1134 non-nice user cpu ticks
          180 nice user cpu ticks
          749 system cpu ticks
      1801566 idle cpu ticks
          220 IO-wait cpu ticks
            0 IRQ cpu ticks
            5 softirq cpu ticks
          696 stolen cpu ticks
       302779 pages paged in
       138572 pages paged out
            0 pages swapped in
            0 pages swapped out
       185389 interrupts
       370674 CPU context switches
   1498909875 boot time
         3463 forks
