      1014660 K total memory
        42616 K used memory
       236032 K active memory
        98400 K inactive memory
       625380 K free memory
        14996 K buffer memory
       331668 K swap cache
            0 K total swap
            0 K used swap
            0 K free swap
         1035 non-nice user cpu ticks
          180 nice user cpu ticks
          713 system cpu ticks
      1787740 idle cpu ticks
          218 IO-wait cpu ticks
            0 IRQ cpu ticks
            5 softirq cpu ticks
          695 stolen cpu ticks
       302675 pages paged in
       137556 pages paged out
            0 pages swapped in
            0 pages swapped out
       181768 interrupts
       361308 CPU context switches
   1498909875 boot time
         3081 forks
