      1014660 K total memory
        42536 K used memory
       235916 K active memory
        98388 K inactive memory
       625664 K free memory
        14984 K buffer memory
       331476 K swap cache
            0 K total swap
            0 K used swap
            0 K free swap
         1016 non-nice user cpu ticks
          180 nice user cpu ticks
          706 system cpu ticks
      1784641 idle cpu ticks
          218 IO-wait cpu ticks
            0 IRQ cpu ticks
            5 softirq cpu ticks
          695 stolen cpu ticks
       302651 pages paged in
       137332 pages paged out
            0 pages swapped in
            0 pages swapped out
       181080 interrupts
       359505 CPU context switches
   1498909875 boot time
         3000 forks
