      1014660 K total memory
        42528 K used memory
       236136 K active memory
        98384 K inactive memory
       625332 K free memory
        15008 K buffer memory
       331792 K swap cache
            0 K total swap
            0 K used swap
            0 K free swap
         1050 non-nice user cpu ticks
          180 nice user cpu ticks
          719 system cpu ticks
      1789958 idle cpu ticks
          218 IO-wait cpu ticks
            0 IRQ cpu ticks
            5 softirq cpu ticks
          695 stolen cpu ticks
       302691 pages paged in
       137776 pages paged out
            0 pages swapped in
            0 pages swapped out
       182254 interrupts
       362562 CPU context switches
   1498909875 boot time
         3136 forks
