      1014660 K total memory
        42576 K used memory
       236088 K active memory
        98388 K inactive memory
       625332 K free memory
        15000 K buffer memory
       331752 K swap cache
            0 K total swap
            0 K used swap
            0 K free swap
         1043 non-nice user cpu ticks
          180 nice user cpu ticks
          716 system cpu ticks
      1788799 idle cpu ticks
          218 IO-wait cpu ticks
            0 IRQ cpu ticks
            5 softirq cpu ticks
          695 stolen cpu ticks
       302683 pages paged in
       137600 pages paged out
            0 pages swapped in
            0 pages swapped out
       181998 interrupts
       361919 CPU context switches
   1498909875 boot time
         3108 forks
