      1014660 K total memory
        42580 K used memory
       236284 K active memory
        98416 K inactive memory
       625068 K free memory
        15024 K buffer memory
       331988 K swap cache
            0 K total swap
            0 K used swap
            0 K free swap
         1079 non-nice user cpu ticks
          180 nice user cpu ticks
          729 system cpu ticks
      1793056 idle cpu ticks
          219 IO-wait cpu ticks
            0 IRQ cpu ticks
            5 softirq cpu ticks
          695 stolen cpu ticks
       302723 pages paged in
       137920 pages paged out
            0 pages swapped in
            0 pages swapped out
       183094 interrupts
       364830 CPU context switches
   1498909875 boot time
         3245 forks
