      1014660 K total memory
        45632 K used memory
       239488 K active memory
        98480 K inactive memory
       621520 K free memory
        15072 K buffer memory
       332436 K swap cache
            0 K total swap
            0 K used swap
            0 K free swap
         1145 non-nice user cpu ticks
          180 nice user cpu ticks
          751 system cpu ticks
      1804109 idle cpu ticks
          222 IO-wait cpu ticks
            0 IRQ cpu ticks
            5 softirq cpu ticks
          696 stolen cpu ticks
       302787 pages paged in
       138876 pages paged out
            0 pages swapped in
            0 pages swapped out
       185868 interrupts
       371802 CPU context switches
   1498909875 boot time
         3504 forks
