      1014660 K total memory
        42540 K used memory
       236024 K active memory
        98388 K inactive memory
       625536 K free memory
        14996 K buffer memory
       331588 K swap cache
            0 K total swap
            0 K used swap
            0 K free swap
         1028 non-nice user cpu ticks
          180 nice user cpu ticks
          712 system cpu ticks
      1786474 idle cpu ticks
          218 IO-wait cpu ticks
            0 IRQ cpu ticks
            5 softirq cpu ticks
          695 stolen cpu ticks
       302667 pages paged in
       137476 pages paged out
            0 pages swapped in
            0 pages swapped out
       181524 interrupts
       360677 CPU context switches
   1498909875 boot time
         3054 forks
