      1014660 K total memory
        42636 K used memory
       235452 K active memory
        98488 K inactive memory
       625952 K free memory
        14964 K buffer memory
       331108 K swap cache
            0 K total swap
            0 K used swap
            0 K free swap
          982 non-nice user cpu ticks
          180 nice user cpu ticks
          694 system cpu ticks
      1780014 idle cpu ticks
          216 IO-wait cpu ticks
            0 IRQ cpu ticks
            4 softirq cpu ticks
          694 stolen cpu ticks
       302547 pages paged in
       137144 pages paged out
            0 pages swapped in
            0 pages swapped out
       180041 interrupts
       356735 CPU context switches
   1498909875 boot time
         2876 forks
